actionid: tox
msg: packaging
cmdargs: ['/Users/steven/401/hw/code-katas/venv/bin/python3', local('/Users/steven/401/hw/code-katas/setup.py'), 'sdist', '--formats=zip', '--dist-dir', local('/Users/steven/401/hw/code-katas/.tox/dist')]
env: None

running sdist
running egg_info
writing dependency_links to code_katas.egg-info/dependency_links.txt
writing top-level names to code_katas.egg-info/top_level.txt
writing entry points to code_katas.egg-info/entry_points.txt
writing code_katas.egg-info/PKG-INFO
reading manifest file 'code_katas.egg-info/SOURCES.txt'
writing manifest file 'code_katas.egg-info/SOURCES.txt'
/Library/Frameworks/Python.framework/Versions/3.5/lib/python3.5/distutils/dist.py:261: UserWarning: Unknown distribution option: 'extras_requires'
  warnings.warn(msg)
warning: sdist: standard file not found: should have one of README, README.rst, README.txt

running check
warning: check: missing required meta-data: url

warning: check: missing meta-data: if 'author' supplied, 'author_email' must be supplied too

creating code-katas-0.1
creating code-katas-0.1/code_katas.egg-info
copying files to code-katas-0.1...
copying setup.py -> code-katas-0.1
copying code_katas.egg-info/PKG-INFO -> code-katas-0.1/code_katas.egg-info
copying code_katas.egg-info/SOURCES.txt -> code-katas-0.1/code_katas.egg-info
copying code_katas.egg-info/dependency_links.txt -> code-katas-0.1/code_katas.egg-info
copying code_katas.egg-info/entry_points.txt -> code-katas-0.1/code_katas.egg-info
copying code_katas.egg-info/top_level.txt -> code-katas-0.1/code_katas.egg-info
Writing code-katas-0.1/setup.cfg
creating '.tox/dist/code-katas-0.1.zip' and adding 'code-katas-0.1' to it
adding 'code-katas-0.1/PKG-INFO'
adding 'code-katas-0.1/setup.cfg'
adding 'code-katas-0.1/setup.py'
adding 'code-katas-0.1/code_katas.egg-info/dependency_links.txt'
adding 'code-katas-0.1/code_katas.egg-info/entry_points.txt'
adding 'code-katas-0.1/code_katas.egg-info/PKG-INFO'
adding 'code-katas-0.1/code_katas.egg-info/SOURCES.txt'
adding 'code-katas-0.1/code_katas.egg-info/top_level.txt'
removing 'code-katas-0.1' (and everything under it)
